Assembler report for finalProject
Wed Jul 21 15:04:46 2021
Quartus Prime Version 20.1.0 Build 711 06/05/2020 Patches 0.08std SJ Lite Edition


---------------------
; Table of Contents ;
---------------------
  1. Legal Notice
  2. Assembler Summary
  3. Assembler Settings
  4. Assembler Encrypted IP Cores Summary
  5. Assembler Generated Files
  6. Assembler Device Options: C:/Users/augh/Documents/ECE385/finalProject_multiWaveform/finalProject.sof
  7. Assembler Messages



----------------
; Legal Notice ;
----------------
Copyright (C) 2020  Intel Corporation. All rights reserved.
Your use of Intel Corporation's design tools, logic functions 
and other software and tools, and any partner logic 
functions, and any output files from any of the foregoing 
(including device programming or simulation files), and any 
associated documentation or information are expressly subject 
to the terms and conditions of the Intel Program License 
Subscription Agreement, the Intel Quartus Prime License Agreement,
the Intel FPGA IP License Agreement, or other applicable license
agreement, including, without limitation, that your use is for
the sole purpose of programming logic devices manufactured by
Intel and sold by Intel or its authorized distributors.  Please
refer to the applicable agreement for further details, at
https://fpgasoftware.intel.com/eula.



+---------------------------------------------------------------+
; Assembler Summary                                             ;
+-----------------------+---------------------------------------+
; Assembler Status      ; Successful - Wed Jul 21 15:04:46 2021 ;
; Revision Name         ; finalProject                          ;
; Top-level Entity Name ; fpgaSynth                             ;
; Family                ; MAX 10                                ;
; Device                ; 10M50DAF484C7G                        ;
+-----------------------+---------------------------------------+


+----------------------------------+
; Assembler Settings               ;
+--------+---------+---------------+
; Option ; Setting ; Default Value ;
+--------+---------+---------------+


+------------------------------------------------+
; Assembler Encrypted IP Cores Summary           ;
+--------+------------------------+--------------+
; Vendor ; IP Core Name           ; License Type ;
+--------+------------------------+--------------+
; Altera ; Signal Tap (6AF7 BCE1) ; Licensed     ;
; Altera ; Signal Tap (6AF7 BCEC) ; Licensed     ;
+--------+------------------------+--------------+


+----------------------------------------------------------------------------+
; Assembler Generated Files                                                  ;
+----------------------------------------------------------------------------+
; File Name                                                                  ;
+----------------------------------------------------------------------------+
; C:/Users/augh/Documents/ECE385/finalProject_multiWaveform/finalProject.sof ;
+----------------------------------------------------------------------------+


+------------------------------------------------------------------------------------------------------+
; Assembler Device Options: C:/Users/augh/Documents/ECE385/finalProject_multiWaveform/finalProject.sof ;
+----------------+-------------------------------------------------------------------------------------+
; Option         ; Setting                                                                             ;
+----------------+-------------------------------------------------------------------------------------+
; JTAG usercode  ; 0x01B43A8B                                                                          ;
; Checksum       ; 0x01B43A8B                                                                          ;
+----------------+-------------------------------------------------------------------------------------+


+--------------------+
; Assembler Messages ;
+--------------------+
Info: *******************************************************************
Info: Running Quartus Prime Assembler
    Info: Version 20.1.0 Build 711 06/05/2020 Patches 0.08std SJ Lite Edition
    Info: Processing started: Wed Jul 21 15:04:41 2021
Info: Command: quartus_asm --read_settings_files=off --write_settings_files=off finalProject -c finalProject
Info (115031): Writing out detailed assembly data for power analysis
Info (115030): Assembler is generating device programming files
Info: Quartus Prime Assembler was successful. 0 errors, 0 warnings
    Info: Peak virtual memory: 4772 megabytes
    Info: Processing ended: Wed Jul 21 15:04:46 2021
    Info: Elapsed time: 00:00:05
    Info: Total CPU time (on all processors): 00:00:05


