Flow report for finalProject
Thu Jul 08 12:39:26 2021
Quartus Prime Version 20.1.0 Build 711 06/05/2020 Patches 0.08std SJ Lite Edition


---------------------
; Table of Contents ;
---------------------
  1. Legal Notice
  2. Flow Summary
  3. Flow Settings
  4. Flow Non-Default Global Settings
  5. Flow Elapsed Time
  6. Flow OS Summary
  7. Flow Log
  8. Flow Messages
  9. Flow Suppressed Messages



----------------
; Legal Notice ;
----------------
Copyright (C) 2020  Intel Corporation. All rights reserved.
Your use of Intel Corporation's design tools, logic functions 
and other software and tools, and any partner logic 
functions, and any output files from any of the foregoing 
(including device programming or simulation files), and any 
associated documentation or information are expressly subject 
to the terms and conditions of the Intel Program License 
Subscription Agreement, the Intel Quartus Prime License Agreement,
the Intel FPGA IP License Agreement, or other applicable license
agreement, including, without limitation, that your use is for
the sole purpose of programming logic devices manufactured by
Intel and sold by Intel or its authorized distributors.  Please
refer to the applicable agreement for further details, at
https://fpgasoftware.intel.com/eula.



+--------------------------------------------------------------------------------------------------+
; Flow Summary                                                                                     ;
+------------------------------------+-------------------------------------------------------------+
; Flow Status                        ; Successful - Thu Jul 08 12:39:10 2021                       ;
; Quartus Prime Version              ; 20.1.0 Build 711 06/05/2020 Patches 0.08std SJ Lite Edition ;
; Revision Name                      ; finalProject                                                ;
; Top-level Entity Name              ; fpgaSynth                                                   ;
; Family                             ; MAX 10                                                      ;
; Device                             ; 10M50DAF484C7G                                              ;
; Timing Models                      ; Final                                                       ;
; Total logic elements               ; 13,656 / 49,760 ( 27 % )                                    ;
;     Total combinational functions  ; 11,634 / 49,760 ( 23 % )                                    ;
;     Dedicated logic registers      ; 7,918 / 49,760 ( 16 % )                                     ;
; Total registers                    ; 7987                                                        ;
; Total pins                         ; 128 / 360 ( 36 % )                                          ;
; Total virtual pins                 ; 0                                                           ;
; Total memory bits                  ; 1,070,634 / 1,677,312 ( 64 % )                              ;
; Embedded Multiplier 9-bit elements ; 160 / 288 ( 56 % )                                          ;
; Total PLLs                         ; 1 / 4 ( 25 % )                                              ;
; UFM blocks                         ; 0 / 1 ( 0 % )                                               ;
; ADC blocks                         ; 0 / 2 ( 0 % )                                               ;
+------------------------------------+-------------------------------------------------------------+


+-----------------------------------------+
; Flow Settings                           ;
+-------------------+---------------------+
; Option            ; Setting             ;
+-------------------+---------------------+
; Start date & time ; 07/08/2021 12:35:11 ;
; Main task         ; Compilation         ;
; Revision Name     ; finalProject        ;
+-------------------+---------------------+


+-----------------------------------------------------------------------------------------------------------------------------------------------------------------+
; Flow Non-Default Global Settings                                                                                                                                ;
+-----------------------------------------------+----------------------------------------------------------------+---------------+-------------------+------------+
; Assignment Name                               ; Value                                                          ; Default Value ; Entity Name       ; Section Id ;
+-----------------------------------------------+----------------------------------------------------------------+---------------+-------------------+------------+
; ALLOW_ANY_RAM_SIZE_FOR_RECOGNITION            ; On                                                             ; Off           ; --                ; --         ;
; ALLOW_ANY_ROM_SIZE_FOR_RECOGNITION            ; On                                                             ; Off           ; --                ; --         ;
; ALLOW_ANY_SHIFT_REGISTER_SIZE_FOR_RECOGNITION ; On                                                             ; Off           ; --                ; --         ;
; ALLOW_REGISTER_MERGING                        ; Off                                                            ; On            ; --                ; --         ;
; ALLOW_REGISTER_RETIMING                       ; Off                                                            ; On            ; --                ; --         ;
; COMPILER_SIGNATURE_ID                         ; 178780615904087.162577291101748                                ; --            ; --                ; --         ;
; DISABLE_REGISTER_MERGING_ACROSS_HIERARCHIES   ; Off                                                            ; Auto          ; --                ; --         ;
; DSP_BLOCK_BALANCING                           ; DSP blocks                                                     ; Auto          ; --                ; --         ;
; FINAL_PLACEMENT_OPTIMIZATION                  ; Always                                                         ; Automatically ; --                ; --         ;
; FITTER_EFFORT                                 ; Standard Fit                                                   ; Auto Fit      ; --                ; --         ;
; HDL_MESSAGE_LEVEL                             ; Level3                                                         ; Level2        ; --                ; --         ;
; MAX_CORE_JUNCTION_TEMP                        ; 85                                                             ; --            ; --                ; --         ;
; MIN_CORE_JUNCTION_TEMP                        ; 0                                                              ; --            ; --                ; --         ;
; MISC_FILE                                     ; finalProject/synthesis/../finalProject.cmp                     ; --            ; --                ; --         ;
; MISC_FILE                                     ; finalProject/synthesis/../../finalProject.qsys                 ; --            ; --                ; --         ;
; MISC_FILE                                     ; mult16_ip_bb.v                                                 ; --            ; --                ; --         ;
; MISC_FILE                                     ; mult8x16_ip_inst.v                                             ; --            ; --                ; --         ;
; MISC_FILE                                     ; mult8x16_ip_bb.v                                               ; --            ; --                ; --         ;
; MISC_FILE                                     ; onChipFIFO_inst.v                                              ; --            ; --                ; --         ;
; MISC_FILE                                     ; onChipFIFO_bb.v                                                ; --            ; --                ; --         ;
; MUX_RESTRUCTURE                               ; Off                                                            ; Auto          ; --                ; --         ;
; NUM_PARALLEL_PROCESSORS                       ; 4                                                              ; --            ; --                ; --         ;
; OUTPUT_IO_TIMING_FAR_END_VMEAS                ; Half Signal Swing                                              ; --            ; --                ; --         ;
; OUTPUT_IO_TIMING_FAR_END_VMEAS                ; Half Signal Swing                                              ; --            ; --                ; --         ;
; OUTPUT_IO_TIMING_NEAR_END_VMEAS               ; Half Vccio                                                     ; --            ; --                ; --         ;
; OUTPUT_IO_TIMING_NEAR_END_VMEAS               ; Half Vccio                                                     ; --            ; --                ; --         ;
; PARTITION_COLOR                               ; -- (Not supported for targeted family)                         ; --            ; DE10_LITE_Default ; Top        ;
; PARTITION_COLOR                               ; -- (Not supported for targeted family)                         ; --            ; fpgaSynth         ; Top        ;
; PARTITION_FITTER_PRESERVATION_LEVEL           ; -- (Not supported for targeted family)                         ; --            ; DE10_LITE_Default ; Top        ;
; PARTITION_FITTER_PRESERVATION_LEVEL           ; -- (Not supported for targeted family)                         ; --            ; fpgaSynth         ; Top        ;
; PARTITION_NETLIST_TYPE                        ; -- (Not supported for targeted family)                         ; --            ; DE10_LITE_Default ; Top        ;
; PARTITION_NETLIST_TYPE                        ; -- (Not supported for targeted family)                         ; --            ; fpgaSynth         ; Top        ;
; POWER_BOARD_THERMAL_MODEL                     ; None (CONSERVATIVE)                                            ; --            ; --                ; --         ;
; POWER_PRESET_COOLING_SOLUTION                 ; 23 MM HEAT SINK WITH 200 LFPM AIRFLOW                          ; --            ; --                ; --         ;
; PRE_MAPPING_RESYNTHESIS                       ; On                                                             ; Off           ; --                ; --         ;
; REMOVE_DUPLICATE_REGISTERS                    ; Off                                                            ; On            ; --                ; --         ;
; SLD_FILE                                      ; finalProject/synthesis/finalProject.regmap                     ; --            ; --                ; --         ;
; SLD_FILE                                      ; finalProject/synthesis/finalProject.debuginfo                  ; --            ; --                ; --         ;
; SLD_INFO                                      ; QSYS_NAME finalProject HAS_SOPCINFO 1 GENERATION_ID 1625674815 ; --            ; --                ; --         ;
; SOPCINFO_FILE                                 ; finalProject/synthesis/../../finalProject.sopcinfo             ; --            ; --                ; --         ;
; SYNTHESIS_ONLY_QIP                            ; On                                                             ; --            ; --                ; --         ;
; SYNTH_MESSAGE_LEVEL                           ; High                                                           ; Medium        ; --                ; --         ;
; TOP_LEVEL_ENTITY                              ; fpgaSynth                                                      ; finalProject  ; --                ; --         ;
+-----------------------------------------------+----------------------------------------------------------------+---------------+-------------------+------------+


+--------------------------------------------------------------------------------------------------------------------------+
; Flow Elapsed Time                                                                                                        ;
+----------------------+--------------+-------------------------+---------------------+------------------------------------+
; Module Name          ; Elapsed Time ; Average Processors Used ; Peak Virtual Memory ; Total CPU Time (on all processors) ;
+----------------------+--------------+-------------------------+---------------------+------------------------------------+
; Analysis & Synthesis ; 00:01:48     ; 1.0                     ; 5335 MB             ; 00:02:10                           ;
; Fitter               ; 00:01:54     ; 1.4                     ; 5830 MB             ; 00:03:50                           ;
; Assembler            ; 00:00:04     ; 1.0                     ; 4766 MB             ; 00:00:04                           ;
; Timing Analyzer      ; 00:00:14     ; 2.4                     ; 5014 MB             ; 00:00:31                           ;
; Total                ; 00:04:00     ; --                      ; --                  ; 00:06:35                           ;
+----------------------+--------------+-------------------------+---------------------+------------------------------------+


+------------------------------------------------------------------------------------+
; Flow OS Summary                                                                    ;
+----------------------+------------------+------------+------------+----------------+
; Module Name          ; Machine Hostname ; OS Name    ; OS Version ; Processor type ;
+----------------------+------------------+------------+------------+----------------+
; Analysis & Synthesis ; DESKTOP-OT4JLP6  ; Windows 10 ; 10.0       ; x86_64         ;
; Fitter               ; DESKTOP-OT4JLP6  ; Windows 10 ; 10.0       ; x86_64         ;
; Assembler            ; DESKTOP-OT4JLP6  ; Windows 10 ; 10.0       ; x86_64         ;
; Timing Analyzer      ; DESKTOP-OT4JLP6  ; Windows 10 ; 10.0       ; x86_64         ;
+----------------------+------------------+------------+------------+----------------+


------------
; Flow Log ;
------------
quartus_map --read_settings_files=on --write_settings_files=off finalProject -c finalProject
quartus_fit --read_settings_files=off --write_settings_files=off finalProject -c finalProject
quartus_asm --read_settings_files=off --write_settings_files=off finalProject -c finalProject
quartus_sta finalProject -c finalProject



